-------------------------------------------------------------------------------
Test set: PriorityQueueTest
-------------------------------------------------------------------------------
Tests run: 8, Failures: 1, Errors: 0, Skipped: 0, Time elapsed: 0.074 s <<< FAILURE! - in PriorityQueueTest
PriorityQueueTest.PriorityQueue_RunTest(int[], int[])[1]  Time elapsed: 0.032 s  <<< FAILURE!
org.opentest4j.AssertionFailedError: array contents differ at index [0], expected: <1> but was: <2>
	at PriorityQueueTest.PriorityQueue_RunTest(PriorityQueueTest.java:36)

