<?xml version="1.0" encoding="UTF-8"?>
<testsuite xmlns:xsi="http://www.w3.org/2001/XMLSchema-instance" xsi:noNamespaceSchemaLocation="https://maven.apache.org/surefire/maven-surefire-plugin/xsd/surefire-test-report-3.0.xsd" version="3.0" name="PriorityQueueTest" time="0.074" tests="8" errors="0" skipped="0" failures="1">
  <properties>
[...]
</properties>
  <testcase name="PriorityQueue_RunTest(int[], int[])[1]" classname="PriorityQueueTest" time="0.032">
    <failure type="org.opentest4j.AssertionFailedError"><![CDATA[org.opentest4j.AssertionFailedError: array contents differ at index [0], expected: <1> but was: <2>
	at PriorityQueueTest.PriorityQueue_RunTest(PriorityQueueTest.java:36)
]]></failure>
  </testcase>
  <testcase name="PriorityQueue_RunTest(int[], int[])[2]" classname="PriorityQueueTest" time="0.001"/>
  <testcase name="PriorityQueue_RunTest(int[], int[])[3]" classname="PriorityQueueTest" time="0.001"/>
  <testcase name="PriorityQueue_RunTest(int[], int[])[4]" classname="PriorityQueueTest" time="0.001"/>
  <testcase name="PriorityQueue_RunTest(int[], int[])[5]" classname="PriorityQueueTest" time="0.001"/>
  <testcase name="TestA" classname="PriorityQueueTest" time="0.002"/>
  <testcase name="TestB" classname="PriorityQueueTest" time="0.001"/>
  <testcase name="TestC" classname="PriorityQueueTest" time="0"/>
</testsuite>